<?xml version="1.0" encoding="UTF-8"?>
<!-- Generated by org.testng.reporters.JUnitReportReporter -->
<testsuite hostname="MSI" failures="0" tests="2" name="com.automationdemo.testsrcript.AlertModule" time="11.440" errors="0" timestamp="2025-04-10T13:02:29 IST" skipped="0">
  <testcase classname="com.automationdemo.testsrcript.AlertModule" name="setpromptbox" time="5.922"/>
  <testcase classname="com.automationdemo.testsrcript.AlertModule" name="openBrowser" time="5.518"/>
</testsuite> <!-- com.automationdemo.testsrcript.AlertModule -->
