<?xml version="1.0" encoding="UTF-8"?>
<!-- Generated by org.testng.reporters.JUnitReportReporter -->
<testsuite hostname="MSI" failures="0" tests="3" name="com.automationdemo.testsrcript.AlertModule" time="16.678" errors="0" timestamp="2025-04-10T19:44:11 IST" skipped="0">
  <testcase classname="com.automationdemo.testsrcript.AlertModule" name="setpromptbox" time="2.744">
    <system-out>
      <![CDATA[setpromptbox has got passed]]>
    </system-out>
  </testcase> <!-- setpromptbox -->
  <testcase classname="com.automationdemo.testsrcript.AlertModule" name="openBrowser" time="8.548">
    <system-out>
      <![CDATA[openBrowser has got passed]]>
    </system-out>
  </testcase> <!-- openBrowser -->
  <testcase classname="com.automationdemo.testsrcript.AlertModule" name="confirmbox" time="5.386">
    <system-out>
      <![CDATA[confirmbox has got passed]]>
    </system-out>
  </testcase> <!-- confirmbox -->
  <system-out>
    <![CDATA[openBrowser has got passed
confirmbox has got passed
setpromptbox has got passed]]>
  </system-out>
</testsuite> <!-- com.automationdemo.testsrcript.AlertModule -->
