<?xml version="1.0" encoding="UTF-8"?>
<!-- Generated by org.testng.reporters.JUnitReportReporter -->
<testsuite hostname="MSI" failures="0" tests="1" name="com.automationdemo.generic.Baseclass" time="6.017" errors="0" timestamp="2025-04-08T13:27:21 IST" skipped="0">
  <testcase classname="com.automationdemo.generic.Baseclass" name="openBrowser" time="6.017"/>
</testsuite> <!-- com.automationdemo.generic.Baseclass -->
