<?xml version="1.0" encoding="UTF-8"?>
<!-- Generated by org.testng.reporters.JUnitReportReporter -->
<testsuite hostname="MSI" failures="0" tests="2" name="com.automationdemo.testsrcript.RegisterModule" time="9.728" errors="0" timestamp="2025-04-10T15:18:17 IST" skipped="0">
  <testcase classname="com.automationdemo.testsrcript.RegisterModule" name="registeruser" time="4.069"/>
  <testcase classname="com.automationdemo.testsrcript.RegisterModule" name="openBrowser" time="5.659"/>
</testsuite> <!-- com.automationdemo.testsrcript.RegisterModule -->
